<?xml version="1.0" encoding="UTF-8"?>
<!-- Generated by org.testng.reporters.JUnitReportReporter -->
<testsuite hostname="DESKTOP-V16AQSL" failures="0" tests="1" name="Base_Comments.Create_User1" time="1.469" errors="0" timestamp="2023-09-08T15:57:36 IST" skipped="0">
  <testcase classname="Base_Comments.Create_User1" name="Create_User" time="1.469"/>
  <system-out/>
</testsuite> <!-- Base_Comments.Create_User1 -->
