<?xml version="1.0" encoding="UTF-8"?>
<!-- Generated by org.testng.reporters.JUnitReportReporter -->
<testsuite hostname="DESKTOP-V16AQSL" failures="1" tests="1" name="Schema_Validation.Valiadate_Schema1" time="3.993" errors="0" timestamp="2023-09-08T09:34:38 IST" skipped="0">
  <testcase classname="Schema_Validation.Valiadate_Schema1" name="Validate" time="3.993">
    <failure message="1 expectation failed.
Response body doesn&#039;t match expectation.
Expected: The content to match the given JSON schema.
error: instance type (integer) does not match any allowed primitive type (allowed: [&quot;string&quot;])
    level: &quot;error&quot;
    schema: {&quot;loadingURI&quot;:&quot;file:/C:/Users/admin/eclipse-workspace/Rest_Assurd_Testing/target/test-classes/Schema.json#&quot;,&quot;pointer&quot;:&quot;/items/0/properties/id&quot;}
    instance: {&quot;pointer&quot;:&quot;/0/id&quot;}
    domain: &quot;validation&quot;
    keyword: &quot;type&quot;
    found: &quot;integer&quot;
    expected: [&quot;string&quot;]

  Actual: [{&quot;id&quot;:1,&quot;movie&quot;:&quot;The Shawshank Redemption&quot;,&quot;rating&quot;:9.2,&quot;image&quot;:&quot;images/shawshank.jpg&quot;,&quot;imdb_url&quot;:&quot;https://www.imdb.com/title/tt0111161/&quot;},{&quot;id&quot;:2,&quot;movie&quot;:&quot;The Godfather&quot;,&quot;rating&quot;:9.2,&quot;image&quot;:&quot;images/godfather.jpg&quot;,&quot;imdb_url&quot;:&quot;https://www.imdb.com/title/tt0068646/&quot;},{&quot;id&quot;:3,&quot;movie&quot;:&quot;The Dark Knight&quot;,&quot;rating&quot;:9,&quot;image&quot;:&quot;images/dark_knight.jpg&quot;,&quot;imdb_url&quot;:&quot;https://www.imdb.com/title/tt0468569/&quot;},{&quot;id&quot;:4,&quot;movie&quot;:&quot;Pulp Fiction&quot;,&quot;rating&quot;:8.9,&quot;image&quot;:&quot;images/pulp_fiction.jpg&quot;,&quot;imdb_url&quot;:&quot;https://www.imdb.com/title/tt0110912/&quot;},{&quot;id&quot;:5,&quot;movie&quot;:&quot;The Lord of the Rings: The Return of the King&quot;,&quot;rating&quot;:9,&quot;image&quot;:&quot;images/lotr_return_king.jpg&quot;,&quot;imdb_url&quot;:&quot;https://www.imdb.com/title/tt0167260/&quot;},{&quot;id&quot;:6,&quot;movie&quot;:&quot;The Good, the Bad and the Ugly&quot;,&quot;rating&quot;:8.8,&quot;image&quot;:&quot;images/good_bad_ugly.jpg&quot;,&quot;imdb_url&quot;:&quot;https://www.imdb.com/title/tt0060196/&quot;},{&quot;id&quot;:7,&quot;movie&quot;:&quot;Fight Club&quot;,&quot;rating&quot;:8.8,&quot;image&quot;:&quot;images/fight_club.jpg&quot;,&quot;imdb_url&quot;:&quot;https://www.imdb.com/title/tt0137523/&quot;},{&quot;id&quot;:8,&quot;movie&quot;:&quot;The Lord of the Rings: The Fellowship of the Ring&quot;,&quot;rating&quot;:8.8,&quot;image&quot;:&quot;images/lotr_fellowship.jpg&quot;,&quot;imdb_url&quot;:&quot;https://www.imdb.com/title/tt0120737/&quot;},{&quot;id&quot;:9,&quot;movie&quot;:&quot;Forrest Gump&quot;,&quot;rating&quot;:8.8,&quot;image&quot;:&quot;images/forrest_gump.jpg&quot;,&quot;imdb_url&quot;:&quot;https://www.imdb.com/title/tt0109830/&quot;},{&quot;id&quot;:10,&quot;movie&quot;:&quot;Inception&quot;,&quot;rating&quot;:8.8,&quot;image&quot;:&quot;images/inception.jpg&quot;,&quot;imdb_url&quot;:&quot;https://www.imdb.com/title/tt1375666/&quot;}]
" type="java.lang.AssertionError">
      <![CDATA[java.lang.AssertionError: 1 expectation failed.
Response body doesn't match expectation.
Expected: The content to match the given JSON schema.
error: instance type (integer) does not match any allowed primitive type (allowed: ["string"])
    level: "error"
    schema: {"loadingURI":"file:/C:/Users/admin/eclipse-workspace/Rest_Assurd_Testing/target/test-classes/Schema.json#","pointer":"/items/0/properties/id"}
    instance: {"pointer":"/0/id"}
    domain: "validation"
    keyword: "type"
    found: "integer"
    expected: ["string"]

  Actual: [{"id":1,"movie":"The Shawshank Redemption","rating":9.2,"image":"images/shawshank.jpg","imdb_url":"https://www.imdb.com/title/tt0111161/"},{"id":2,"movie":"The Godfather","rating":9.2,"image":"images/godfather.jpg","imdb_url":"https://www.imdb.com/title/tt0068646/"},{"id":3,"movie":"The Dark Knight","rating":9,"image":"images/dark_knight.jpg","imdb_url":"https://www.imdb.com/title/tt0468569/"},{"id":4,"movie":"Pulp Fiction","rating":8.9,"image":"images/pulp_fiction.jpg","imdb_url":"https://www.imdb.com/title/tt0110912/"},{"id":5,"movie":"The Lord of the Rings: The Return of the King","rating":9,"image":"images/lotr_return_king.jpg","imdb_url":"https://www.imdb.com/title/tt0167260/"},{"id":6,"movie":"The Good, the Bad and the Ugly","rating":8.8,"image":"images/good_bad_ugly.jpg","imdb_url":"https://www.imdb.com/title/tt0060196/"},{"id":7,"movie":"Fight Club","rating":8.8,"image":"images/fight_club.jpg","imdb_url":"https://www.imdb.com/title/tt0137523/"},{"id":8,"movie":"The Lord of the Rings: The Fellowship of the Ring","rating":8.8,"image":"images/lotr_fellowship.jpg","imdb_url":"https://www.imdb.com/title/tt0120737/"},{"id":9,"movie":"Forrest Gump","rating":8.8,"image":"images/forrest_gump.jpg","imdb_url":"https://www.imdb.com/title/tt0109830/"},{"id":10,"movie":"Inception","rating":8.8,"image":"images/inception.jpg","imdb_url":"https://www.imdb.com/title/tt1375666/"}]

at java.base/jdk.internal.reflect.NativeConstructorAccessorImpl.newInstance0(Native Method)
at java.base/jdk.internal.reflect.NativeConstructorAccessorImpl.newInstance(NativeConstructorAccessorImpl.java:77)
at java.base/jdk.internal.reflect.DelegatingConstructorAccessorImpl.newInstance(DelegatingConstructorAccessorImpl.java:45)
at java.base/java.lang.reflect.Constructor.newInstanceWithCaller(Constructor.java:499)
at java.base/java.lang.reflect.Constructor.newInstance(Constructor.java:480)
at org.codehaus.groovy.reflection.CachedConstructor.invoke(CachedConstructor.java:73)
at org.codehaus.groovy.runtime.callsite.ConstructorSite$ConstructorSiteNoUnwrapNoCoerce.callConstructor(ConstructorSite.java:108)
at org.codehaus.groovy.runtime.callsite.CallSiteArray.defaultCallConstructor(CallSiteArray.java:57)
at org.codehaus.groovy.runtime.callsite.AbstractCallSite.callConstructor(AbstractCallSite.java:263)
at org.codehaus.groovy.runtime.callsite.AbstractCallSite.callConstructor(AbstractCallSite.java:277)
at io.restassured.internal.ResponseSpecificationImpl$HamcrestAssertionClosure.validate(ResponseSpecificationImpl.groovy:512)
at io.restassured.internal.ResponseSpecificationImpl$HamcrestAssertionClosure$validate$1.call(Unknown Source)
at org.codehaus.groovy.runtime.callsite.CallSiteArray.defaultCall(CallSiteArray.java:45)
at org.codehaus.groovy.runtime.callsite.AbstractCallSite.call(AbstractCallSite.java:125)
at org.codehaus.groovy.runtime.callsite.AbstractCallSite.call(AbstractCallSite.java:139)
at io.restassured.internal.ResponseSpecificationImpl.validateResponseIfRequired(ResponseSpecificationImpl.groovy:696)
at io.restassured.internal.ResponseSpecificationImpl.this$2$validateResponseIfRequired(ResponseSpecificationImpl.groovy)
at java.base/jdk.internal.reflect.NativeMethodAccessorImpl.invoke0(Native Method)
at java.base/jdk.internal.reflect.NativeMethodAccessorImpl.invoke(NativeMethodAccessorImpl.java:77)
at java.base/jdk.internal.reflect.DelegatingMethodAccessorImpl.invoke(DelegatingMethodAccessorImpl.java:43)
at java.base/java.lang.reflect.Method.invoke(Method.java:568)
at org.codehaus.groovy.runtime.callsite.PlainObjectMetaMethodSite.doInvoke(PlainObjectMetaMethodSite.java:43)
at org.codehaus.groovy.runtime.callsite.PogoMetaMethodSite$PogoCachedMethodSiteNoUnwrapNoCoerce.invoke(PogoMetaMethodSite.java:198)
at org.codehaus.groovy.runtime.callsite.PogoMetaMethodSite.callCurrent(PogoMetaMethodSite.java:62)
at org.codehaus.groovy.runtime.callsite.CallSiteArray.defaultCallCurrent(CallSiteArray.java:49)
at org.codehaus.groovy.runtime.callsite.AbstractCallSite.callCurrent(AbstractCallSite.java:171)
at org.codehaus.groovy.runtime.callsite.AbstractCallSite.callCurrent(AbstractCallSite.java:185)
at io.restassured.internal.ResponseSpecificationImpl.body(ResponseSpecificationImpl.groovy:107)
at io.restassured.internal.ValidatableResponseOptionsImpl.body(ValidatableResponseOptionsImpl.java:238)
at Schema_Validation.Valiadate_Schema1.Validate(Valiadate_Schema1.java:16)
at java.base/jdk.internal.reflect.NativeMethodAccessorImpl.invoke0(Native Method)
at java.base/jdk.internal.reflect.NativeMethodAccessorImpl.invoke(NativeMethodAccessorImpl.java:77)
at java.base/jdk.internal.reflect.DelegatingMethodAccessorImpl.invoke(DelegatingMethodAccessorImpl.java:43)
at java.base/java.lang.reflect.Method.invoke(Method.java:568)
at org.testng.internal.invokers.MethodInvocationHelper.invokeMethod(MethodInvocationHelper.java:139)
at org.testng.internal.invokers.TestInvoker.invokeMethod(TestInvoker.java:677)
at org.testng.internal.invokers.TestInvoker.invokeTestMethod(TestInvoker.java:221)
at org.testng.internal.invokers.MethodRunner.runInSequence(MethodRunner.java:50)
at org.testng.internal.invokers.TestInvoker$MethodInvocationAgent.invoke(TestInvoker.java:969)
at org.testng.internal.invokers.TestInvoker.invokeTestMethods(TestInvoker.java:194)
at org.testng.internal.invokers.TestMethodWorker.invokeTestMethods(TestMethodWorker.java:148)
at org.testng.internal.invokers.TestMethodWorker.run(TestMethodWorker.java:128)
at java.base/java.util.ArrayList.forEach(ArrayList.java:1511)
at org.testng.TestRunner.privateRun(TestRunner.java:829)
at org.testng.TestRunner.run(TestRunner.java:602)
at org.testng.SuiteRunner.runTest(SuiteRunner.java:437)
at org.testng.SuiteRunner.runSequentially(SuiteRunner.java:431)
at org.testng.SuiteRunner.privateRun(SuiteRunner.java:391)
at org.testng.SuiteRunner.run(SuiteRunner.java:330)
at org.testng.SuiteRunnerWorker.runSuite(SuiteRunnerWorker.java:52)
at org.testng.SuiteRunnerWorker.run(SuiteRunnerWorker.java:95)
at org.testng.TestNG.runSuitesSequentially(TestNG.java:1256)
at org.testng.TestNG.runSuitesLocally(TestNG.java:1176)
at org.testng.TestNG.runSuites(TestNG.java:1099)
at org.testng.TestNG.run(TestNG.java:1067)
at org.testng.remote.AbstractRemoteTestNG.run(AbstractRemoteTestNG.java:115)
at org.testng.remote.RemoteTestNG.initAndRun(RemoteTestNG.java:251)
at org.testng.remote.RemoteTestNG.main(RemoteTestNG.java:77)
]]>
    </failure>
  </testcase> <!-- Validate -->
  <system-out/>
</testsuite> <!-- Schema_Validation.Valiadate_Schema1 -->
