<?xml version="1.0" encoding="UTF-8"?>
<!-- Generated by org.testng.reporters.JUnitReportReporter -->
<testsuite hostname="DESKTOP-V16AQSL" failures="0" tests="1" name="Schema_Validation.Validate_Schema2" time="4.304" errors="0" timestamp="2023-09-08T09:51:18 IST" skipped="0">
  <testcase classname="Schema_Validation.Validate_Schema2" name="Validate2" time="4.304"/>
  <system-out/>
</testsuite> <!-- Schema_Validation.Validate_Schema2 -->
