<?xml version="1.0" encoding="UTF-8"?>
<!-- Generated by org.testng.reporters.JUnitReportReporter -->
<testsuite hostname="DESKTOP-V16AQSL" failures="0" tests="1" name="Headers_Validation.Head_Validation" time="1.353" errors="0" timestamp="2023-09-08T15:26:56 IST" skipped="0">
  <testcase classname="Headers_Validation.Head_Validation" name="Header_Validation" time="1.353"/>
  <system-out/>
</testsuite> <!-- Headers_Validation.Head_Validation -->
