<?xml version="1.0" encoding="UTF-8"?>
<!-- Generated by org.testng.reporters.JUnitReportReporter -->
<testsuite hostname="DESKTOP-V16AQSL" failures="0" tests="1" name="Base_Comments.Update_Data" time="1.907" errors="0" timestamp="2023-09-08T10:34:39 IST" skipped="0">
  <testcase classname="Base_Comments.Update_Data" name="Update" time="1.907"/>
  <system-out/>
</testsuite> <!-- Base_Comments.Update_Data -->
