<?xml version="1.0" encoding="UTF-8"?>
<!-- Generated by org.testng.reporters.JUnitReportReporter -->
<testsuite hostname="DESKTOP-V16AQSL" failures="0" tests="1" name="Validate_Cokkies.Check_Cookies_Validate" time="2.674" errors="0" timestamp="2023-09-08T12:43:11 IST" skipped="0">
  <testcase classname="Validate_Cokkies.Check_Cookies_Validate" name="Cookies" time="2.674"/>
  <system-out/>
</testsuite> <!-- Validate_Cokkies.Check_Cookies_Validate -->
