<?xml version="1.0" encoding="UTF-8"?>
<!-- Generated by org.testng.reporters.JUnitReportReporter -->
<testsuite hostname="DESKTOP-V16AQSL" failures="0" tests="1" name="Body_Validation.Respose_Body" time="3.311" errors="0" timestamp="2023-09-08T15:49:09 IST" skipped="0">
  <testcase classname="Body_Validation.Respose_Body" name="Body_Valdation" time="3.311"/>
  <system-out/>
</testsuite> <!-- Body_Validation.Respose_Body -->
